current directory: /Users/YY/Flatiron/M2/lab/intro-to-capybara-nyc-web-062518/.bundle/gems/oj-2.18.5/ext/oj
/Users/YY/.rvm/rubies/ruby-2.5.0/bin/ruby -r ./siteconf20180716-81175-uv5ylt.rb extconf.rb
>>>>> Creating Makefile for ruby version 2.5.0 on x86_64-darwin15 <<<<<
creating Makefile

current directory: /Users/YY/Flatiron/M2/lab/intro-to-capybara-nyc-web-062518/.bundle/gems/oj-2.18.5/ext/oj
make "DESTDIR=" clean

current directory: /Users/YY/Flatiron/M2/lab/intro-to-capybara-nyc-web-062518/.bundle/gems/oj-2.18.5/ext/oj
make "DESTDIR="
compiling cache8.c
compiling circarray.c
compiling compat.c
compiling dump.c
compiling err.c
compiling fast.c
compiling hash.c
compiling hash_test.c
compiling object.c
object.c:285:40: warning: implicit conversion loses integer precision: 'size_t' (aka 'unsigned long') to 'int' [-Wshorten-64-to-32]
            parent->val = parse_xml_time(str, len);
                          ~~~~~~~~~~~~~~      ^~~
1 warning generated.
compiling odd.c
compiling oj.c
compiling parse.c
parse.c:743:23: warning: implicit conversion loses integer precision: 'long long' to 'int' [-Wshorten-64-to-32]
            int         x = ni->exp - ni->di;
                        ~   ~~~~~~~~^~~~~~~~
1 warning generated.
compiling reader.c
compiling resolve.c
compiling saj.c
compiling scp.c
compiling sparse.c
compiling strict.c
compiling val_stack.c
linking shared-object oj/oj.bundle

current directory: /Users/YY/Flatiron/M2/lab/intro-to-capybara-nyc-web-062518/.bundle/gems/oj-2.18.5/ext/oj
make "DESTDIR=" install
/usr/local/opt/coreutils/bin/ginstall -c -m 0755 oj.bundle ./.gem.20180716-81175-k91pwu/oj
